-------------------------------------------------------------------------------
Test set: com.camundatest.EmailProcessTest
-------------------------------------------------------------------------------
Tests run: 7, Failures: 1, Errors: 0, Skipped: 0, Time elapsed: 15.43 s <<< FAILURE! -- in com.camundatest.EmailProcessTest
com.camundatest.EmailProcessTest.testEmailProcessWithEmptyMessage -- Time elapsed: 0.162 s <<< FAILURE!
org.opentest4j.AssertionFailedError: Process should start even with empty message ==> expected: <true> but was: <false>
	at org.junit.jupiter.api.AssertionFailureBuilder.build(AssertionFailureBuilder.java:151)
	at org.junit.jupiter.api.AssertionFailureBuilder.buildAndThrow(AssertionFailureBuilder.java:132)
	at org.junit.jupiter.api.AssertTrue.failNotTrue(AssertTrue.java:63)
	at org.junit.jupiter.api.AssertTrue.assertTrue(AssertTrue.java:36)
	at org.junit.jupiter.api.Assertions.assertTrue(Assertions.java:210)
	at com.camundatest.EmailProcessTest.testEmailProcessWithEmptyMessage(EmailProcessTest.java:216)
	at java.base/java.lang.reflect.Method.invoke(Method.java:580)
	at java.base/java.util.ArrayList.forEach(ArrayList.java:1596)
	at java.base/java.util.ArrayList.forEach(ArrayList.java:1596)

